[23:15:22] Can't kekulize mol.  Unkekulized atoms: 6 11 14 16 17 18

[23:15:31] Can't kekulize mol.  Unkekulized atoms: 3 4 5 6 8 10

[23:15:35] Can't kekulize mol.  Unkekulized atoms: 3 5 25 26 27 28

[23:15:38] Can't kekulize mol.  Unkekulized atoms: 0 2 4 6 7 10

[23:15:38] Can't kekulize mol.  Unkekulized atoms: 0 2 4 6 7 10

[23:15:38] Can't kekulize mol.  Unkekulized atoms: 0 2 4 6 7 10

[23:15:38] Can't kekulize mol.  Unkekulized atoms: 0 2 4 6 7 10

[23:15:38] Can't kekulize mol.  Unkekulized atoms: 0 2 4 6 7 10

[23:15:38] Can't kekulize mol.  Unkekulized atoms: 0 2 4 6 7 10

[23:15:38] Can't kekulize mol.  Unkekulized atoms: 0 2 4 6 7 10

[23:15:41] Can't kekulize mol.  Unkekulized atoms: 3 9

[23:15:41] Can't kekulize mol.  Unkekulized atoms: 3 9

[23:15:42] Can't kekulize mol.  Unkekulized atoms: 3 8

[05/10/20 23:15:43 standardiser.neutralise WARNING] zwitterion with more negative charges than quaternary positive centres detected
[23:15:44] Can't kekulize mol.  Unkekulized atoms: 3 10

[23:15:44] Can't kekulize mol.  Unkekulized atoms: 3 10

[23:15:44] Can't kekulize mol.  Unkekulized atoms: 3 14

[23:15:44] Can't kekulize mol.  Unkekulized atoms: 3 10

[23:15:44] Can't kekulize mol.  Unkekulized atoms: 3 14

[23:15:45] Can't kekulize mol.  Unkekulized atoms: 3 4 6 7 8 9

[23:15:47] Can't kekulize mol.  Unkekulized atoms: 3 7

[23:15:47] Can't kekulize mol.  Unkekulized atoms: 3 7

[23:15:48] Can't kekulize mol.  Unkekulized atoms: 0 2 4 5 6 9

[05/10/20 23:15:54 standardiser.neutralise WARNING] zwitterion with more negative charges than quaternary positive centres detected
[05/10/20 23:15:54 standardiser.neutralise WARNING] zwitterion with more negative charges than quaternary positive centres detected
[23:15:55] Can't kekulize mol.  Unkekulized atoms: 3 9

[23:15:55] Can't kekulize mol.  Unkekulized atoms: 3 9

[23:15:59] Can't kekulize mol.  Unkekulized atoms: 0 1 2 4 5 6 7 8 9 10 11 12 13 15 16 17 18 19 20 21 22 23

[23:16:04] Can't kekulize mol.  Unkekulized atoms: 2 5

[05/10/20 23:16:15 standardiser.neutralise WARNING] zwitterion with more negative charges than quaternary positive centres detected
[23:16:19] Can't kekulize mol.  Unkekulized atoms: 3 7

[23:16:24] Can't kekulize mol.  Unkekulized atoms: 3 4 5 6 7 10

[23:16:29] Can't kekulize mol.  Unkekulized atoms: 3 6

[23:16:36] Can't kekulize mol.  Unkekulized atoms: 3 4 5 6 7 9 10 11 12 14

[23:16:39] Can't kekulize mol.  Unkekulized atoms: 3 10

[23:16:39] Can't kekulize mol.  Unkekulized atoms: 3 10

[23:16:47] Can't kekulize mol.  Unkekulized atoms: 3 11

[23:16:50] Can't kekulize mol.  Unkekulized atoms: 3 8

[23:16:55] Can't kekulize mol.  Unkekulized atoms: 3 4 5 6 7 9 10 11 12 14

[23:17:03] Can't kekulize mol.  Unkekulized atoms: 0 2 4 6 7 9

[23:17:04] Can't kekulize mol.  Unkekulized atoms: 2 5

[23:17:05] Can't kekulize mol.  Unkekulized atoms: 3 4 5 6 7 9 10 11 12 14

[23:17:14] Can't kekulize mol.  Unkekulized atoms: 3 9

[23:17:14] Can't kekulize mol.  Unkekulized atoms: 3 9

[23:17:14] Can't kekulize mol.  Unkekulized atoms: 3 10

[23:17:14] Can't kekulize mol.  Unkekulized atoms: 3 10

[23:17:15] Can't kekulize mol.  Unkekulized atoms: 3 10

[23:17:15] Can't kekulize mol.  Unkekulized atoms: 3 10

[23:17:32] Can't kekulize mol.  Unkekulized atoms: 3 4 5 6 7 9 10 11 12 14

[23:17:43] Can't kekulize mol.  Unkekulized atoms: 3 9

[23:17:51] Can't kekulize mol.  Unkekulized atoms: 3 4 5 6 8 9

[23:17:53] Can't kekulize mol.  Unkekulized atoms: 3 10

[23:17:53] Can't kekulize mol.  Unkekulized atoms: 3 10

[23:17:53] Can't kekulize mol.  Unkekulized atoms: 3 14

[23:17:54] Can't kekulize mol.  Unkekulized atoms: 3 10

[23:17:54] Can't kekulize mol.  Unkekulized atoms: 3 14

[23:17:57] WARNING: not removing hydrogen atom without neighbors
[23:18:02] Can't kekulize mol.  Unkekulized atoms: 3 9

[23:18:02] Can't kekulize mol.  Unkekulized atoms: 3 9

[23:18:04] Can't kekulize mol.  Unkekulized atoms: 3 5

[23:18:05] Can't kekulize mol.  Unkekulized atoms: 3 9

[23:18:05] Can't kekulize mol.  Unkekulized atoms: 3 9

[23:18:09] Can't kekulize mol.  Unkekulized atoms: 3 7

[23:18:11] Can't kekulize mol.  Unkekulized atoms: 0 2 4 6 7 9

[23:18:11] Can't kekulize mol.  Unkekulized atoms: 3 4 5 6 7 9 10 11 12 14

[05/10/20 23:18:11 standardiser.neutralise WARNING] zwitterion with more negative charges than quaternary positive centres detected
[23:18:24] Can't kekulize mol.  Unkekulized atoms: 2 5 20 22 23 24

[23:18:35] Can't kekulize mol.  Unkekulized atoms: 3 5 6 8 10 13 14 17 18 20

[23:18:35] Can't kekulize mol.  Unkekulized atoms: 3 10

[23:18:35] Can't kekulize mol.  Unkekulized atoms: 3 10

[23:18:39] Can't kekulize mol.  Unkekulized atoms: 1 2 7 10 14

[23:18:44] Can't kekulize mol.  Unkekulized atoms: 3 10

[23:18:44] Can't kekulize mol.  Unkekulized atoms: 3 10

[05/10/20 23:18:47 standardiser.neutralise WARNING] zwitterion with more negative charges than quaternary positive centres detected
[23:18:58] Can't kekulize mol.  Unkekulized atoms: 3 4 5 6 7 9 10 11 12 14

[23:19:04] Can't kekulize mol.  Unkekulized atoms: 2 5

[23:19:17] Can't kekulize mol.  Unkekulized atoms: 3 14

[23:19:17] Can't kekulize mol.  Unkekulized atoms: 2 5

[23:19:19] Can't kekulize mol.  Unkekulized atoms: 3 4 5 6 7 9 10 11 12 14

[23:19:24] Can't kekulize mol.  Unkekulized atoms: 3 4 5 6 7 9 10 11 12 14

[23:19:28] Can't kekulize mol.  Unkekulized atoms: 3 8

[23:19:31] Can't kekulize mol.  Unkekulized atoms: 3 5

[23:19:31] Can't kekulize mol.  Unkekulized atoms: 3 4 5 6 7 9 10 11 12 14

[23:19:46] Can't kekulize mol.  Unkekulized atoms: 2 5

[23:19:52] Can't kekulize mol.  Unkekulized atoms: 3 14

[23:19:52] Can't kekulize mol.  Unkekulized atoms: 2 5

[23:19:53] Can't kekulize mol.  Unkekulized atoms: 3 5

[23:19:57] Can't kekulize mol.  Unkekulized atoms: 3 7

[23:19:59] Can't kekulize mol.  Unkekulized atoms: 3 4 5 6 7 9 10 11 12 14

[05/10/20 23:20:10 standardiser.neutralise WARNING] zwitterion with more negative charges than quaternary positive centres detected
[23:20:27] Can't kekulize mol.  Unkekulized atoms: 2 5

[23:20:35] Can't kekulize mol.  Unkekulized atoms: 3 4 5 6 8 9

[23:20:53] Can't kekulize mol.  Unkekulized atoms: 0 2 4 5 6 9

[23:20:54] Can't kekulize mol.  Unkekulized atoms: 3 10

[23:20:54] Can't kekulize mol.  Unkekulized atoms: 3 10

[23:20:54] Can't kekulize mol.  Unkekulized atoms: 3 14

[23:20:54] Can't kekulize mol.  Unkekulized atoms: 3 10

[23:20:54] Can't kekulize mol.  Unkekulized atoms: 3 14

[23:20:58] Can't kekulize mol.  Unkekulized atoms: 3 6

[23:21:03] Can't kekulize mol.  Unkekulized atoms: 3 17

[23:21:29] Can't kekulize mol.  Unkekulized atoms: 3 5 8 9 10 11 12 14

[23:21:30] Can't kekulize mol.  Unkekulized atoms: 3 7

[23:21:30] Can't kekulize mol.  Unkekulized atoms: 3 7

[23:21:34] Can't kekulize mol.  Unkekulized atoms: 3 11

[23:21:34] Can't kekulize mol.  Unkekulized atoms: 3 5

[23:21:41] Can't kekulize mol.  Unkekulized atoms: 3 4 5 6 8 10 11 13 14 17

[23:21:43] Can't kekulize mol.  Unkekulized atoms: 1 2 7 10 15

[23:21:50] Can't kekulize mol.  Unkekulized atoms: 3 5

[23:21:51] Can't kekulize mol.  Unkekulized atoms: 3 9

[23:21:51] Can't kekulize mol.  Unkekulized atoms: 3 9

[23:21:51] Can't kekulize mol.  Unkekulized atoms: 3 9

[23:21:56] Can't kekulize mol.  Unkekulized atoms: 3 9

[23:21:56] Can't kekulize mol.  Unkekulized atoms: 3 9

[23:21:57] Can't kekulize mol.  Unkekulized atoms: 3 6

[23:22:01] Can't kekulize mol.  Unkekulized atoms: 3 4 5 6 7 9 10 11 12 14

[23:22:03] Can't kekulize mol.  Unkekulized atoms: 3 10

[23:22:03] Can't kekulize mol.  Unkekulized atoms: 3 10

[23:22:03] Can't kekulize mol.  Unkekulized atoms: 3 10

[23:22:03] Can't kekulize mol.  Unkekulized atoms: 3 10

[23:22:08] Can't kekulize mol.  Unkekulized atoms: 3 12

[23:22:17] Can't kekulize mol.  Unkekulized atoms: 3 11 12 14 15 18

[05/10/20 23:22:21 standardiser.neutralise WARNING] zwitterion with more negative charges than quaternary positive centres detected
[23:22:23] Can't kekulize mol.  Unkekulized atoms: 2 5 22 23 25 26

[23:22:29] Can't kekulize mol.  Unkekulized atoms: 2 5

[23:22:36] Can't kekulize mol.  Unkekulized atoms: 3 8

[23:22:39] Can't kekulize mol.  Unkekulized atoms: 3 6

[23:22:41] Can't kekulize mol.  Unkekulized atoms: 3 5

[23:22:46] Can't kekulize mol.  Unkekulized atoms: 3 4 5 6 8 10

[23:22:50] Can't kekulize mol.  Unkekulized atoms: 3 11 12 14 15 18

[23:22:50] Can't kekulize mol.  Unkekulized atoms: 3 5

[23:22:52] Can't kekulize mol.  Unkekulized atoms: 3 8

[23:22:53] Can't kekulize mol.  Unkekulized atoms: 3 9

[23:22:53] Can't kekulize mol.  Unkekulized atoms: 3 9

[05/10/20 23:22:58 standardiser.neutralise WARNING] zwitterion with more negative charges than quaternary positive centres detected
[23:23:01] Can't kekulize mol.  Unkekulized atoms: 3 9

[23:23:01] Can't kekulize mol.  Unkekulized atoms: 3 9

[23:23:10] Can't kekulize mol.  Unkekulized atoms: 3 8

[23:23:11] Can't kekulize mol.  Unkekulized atoms: 3 10

[23:23:11] Can't kekulize mol.  Unkekulized atoms: 3 10

[23:23:13] Can't kekulize mol.  Unkekulized atoms: 3 8 11 13 15 17

[23:23:21] Can't kekulize mol.  Unkekulized atoms: 3 11 12 14 15 17

[23:23:23] Can't kekulize mol.  Unkekulized atoms: 3 4 5 6 7 9 10 11 12 14

[23:23:26] Can't kekulize mol.  Unkekulized atoms: 3 7

[23:23:26] Can't kekulize mol.  Unkekulized atoms: 3 7

[23:23:32] Can't kekulize mol.  Unkekulized atoms: 3 10

[23:23:56] Can't kekulize mol.  Unkekulized atoms: 3 7

[23:23:56] Can't kekulize mol.  Unkekulized atoms: 3 7

[23:24:00] Can't kekulize mol.  Unkekulized atoms: 3 5

[23:24:12] Can't kekulize mol.  Unkekulized atoms: 3 5

[23:24:17] Can't kekulize mol.  Unkekulized atoms: 3 9

[23:24:24] Can't kekulize mol.  Unkekulized atoms: 3 5

[23:24:27] Can't kekulize mol.  Unkekulized atoms: 0 1 2 4 5 10

[23:24:27] Can't kekulize mol.  Unkekulized atoms: 3 9

[23:24:27] Can't kekulize mol.  Unkekulized atoms: 3 9

[23:24:31] Can't kekulize mol.  Unkekulized atoms: 3 4 5 6 7 9 10 11 12 14

[23:24:31] Can't kekulize mol.  Unkekulized atoms: 3 12

[23:24:31] Can't kekulize mol.  Unkekulized atoms: 0 1 2 4 6 15

[05/10/20 23:24:35 standardiser.neutralise WARNING] zwitterion with more negative charges than quaternary positive centres detected
[23:24:36] Can't kekulize mol.  Unkekulized atoms: 3 8

[23:24:39] Can't kekulize mol.  Unkekulized atoms: 3 4 5 6 7 9 10 11 12 14

[23:24:41] Can't kekulize mol.  Unkekulized atoms: 3 7

[23:24:41] Can't kekulize mol.  Unkekulized atoms: 3 7

[23:24:52] Can't kekulize mol.  Unkekulized atoms: 3 8

[23:24:53] Can't kekulize mol.  Unkekulized atoms: 3 4 5 6 7 9 10 11 12 14

[23:24:55] Can't kekulize mol.  Unkekulized atoms: 3 7

[23:24:55] Can't kekulize mol.  Unkekulized atoms: 3 7

[23:24:57] Can't kekulize mol.  Unkekulized atoms: 3 8 11 13 15 17

[23:24:58] Can't kekulize mol.  Unkekulized atoms: 3 9

[23:24:58] Can't kekulize mol.  Unkekulized atoms: 3 9

[23:25:02] Can't kekulize mol.  Unkekulized atoms: 3 10

[23:25:02] Can't kekulize mol.  Unkekulized atoms: 3 10

[23:25:02] Can't kekulize mol.  Unkekulized atoms: 3 4 6 7 8 10 12 15

[23:25:05] Can't kekulize mol.  Unkekulized atoms: 0 2 4 5 6 9

[23:25:23] Can't kekulize mol.  Unkekulized atoms: 3 4 5 6 7 9 10 11 12 14

[23:25:42] Can't kekulize mol.  Unkekulized atoms: 3 11 12 14 15 17

[23:25:45] Can't kekulize mol.  Unkekulized atoms: 3 5

[23:25:47] Can't kekulize mol.  Unkekulized atoms: 3 4 5 6 8 9

[23:25:55] Can't kekulize mol.  Unkekulized atoms: 3 8

[23:25:58] Can't kekulize mol.  Unkekulized atoms: 2 5

[23:26:01] Can't kekulize mol.  Unkekulized atoms: 0 1 2 6 7 8 9 10 12 13

[23:26:04] Can't kekulize mol.  Unkekulized atoms: 3 10

[23:26:04] Can't kekulize mol.  Unkekulized atoms: 3 10

[23:26:06] Can't kekulize mol.  Unkekulized atoms: 3 13

[23:26:07] Can't kekulize mol.  Unkekulized atoms: 3 4 5 6 7 9 10 12 13 14

[23:26:07] Can't kekulize mol.  Unkekulized atoms: 0 1 2 4 6 15

[23:26:16] Can't kekulize mol.  Unkekulized atoms: 3 7

[23:26:16] Can't kekulize mol.  Unkekulized atoms: 3 7

[23:26:20] Can't kekulize mol.  Unkekulized atoms: 3 4 5 6 7 10

[23:26:34] Can't kekulize mol.  Unkekulized atoms: 3 11

[23:26:35] Can't kekulize mol.  Unkekulized atoms: 3 10

[23:26:35] Can't kekulize mol.  Unkekulized atoms: 3 10

[23:26:35] Can't kekulize mol.  Unkekulized atoms: 3 7

[23:26:54] Can't kekulize mol.  Unkekulized atoms: 3 4 5 6 7 9 10 11 12 14

[23:26:55] Can't kekulize mol.  Unkekulized atoms: 3 4 5 6 7 9 10 11 12 14

[05/10/20 23:27:01 standardiser.neutralise WARNING] zwitterion with more negative charges than quaternary positive centres detected
[23:27:11] Can't kekulize mol.  Unkekulized atoms: 3 10

[23:27:11] Can't kekulize mol.  Unkekulized atoms: 3 10

[23:27:15] Can't kekulize mol.  Unkekulized atoms: 3 5

[23:27:15] Can't kekulize mol.  Unkekulized atoms: 0 1 2 4 6 15

[23:27:22] Can't kekulize mol.  Unkekulized atoms: 0 1 2 4 5 11

[23:27:30] Can't kekulize mol.  Unkekulized atoms: 3 11

[23:27:31] Can't kekulize mol.  Unkekulized atoms: 3 4 5 6 7 9 10 11 12 14

[23:27:34] Can't kekulize mol.  Unkekulized atoms: 3 9

[23:27:34] Can't kekulize mol.  Unkekulized atoms: 3 9

[23:27:36] Can't kekulize mol.  Unkekulized atoms: 3 8 13 14 15 16 17 18

[23:27:39] Can't kekulize mol.  Unkekulized atoms: 3 9

[23:27:39] Can't kekulize mol.  Unkekulized atoms: 3 9

[23:27:40] Can't kekulize mol.  Unkekulized atoms: 3 8

[23:27:43] Can't kekulize mol.  Unkekulized atoms: 3 4 5 6 7 9 10 11 12 14

[23:27:47] Can't kekulize mol.  Unkekulized atoms: 3 9

[23:27:48] Can't kekulize mol.  Unkekulized atoms: 3 8 11 14 17 19

[23:27:52] Can't kekulize mol.  Unkekulized atoms: 3 9

[23:27:52] Can't kekulize mol.  Unkekulized atoms: 3 9

[05/10/20 23:27:57 standardiser.neutralise WARNING] zwitterion with more negative charges than quaternary positive centres detected
[23:27:59] Can't kekulize mol.  Unkekulized atoms: 3 4 5 6 7 9 10 11 12 14

[23:28:01] Can't kekulize mol.  Unkekulized atoms: 3 4 5 6 7 9 10 11 12 14

[23:28:06] Can't kekulize mol.  Unkekulized atoms: 3 11 12 14 15 17

[23:28:13] Can't kekulize mol.  Unkekulized atoms: 3 5 6 7 9 10

[23:28:16] Can't kekulize mol.  Unkekulized atoms: 3 4 5 6 7 9 10 11 12 14

[23:28:22] Can't kekulize mol.  Unkekulized atoms: 3 4 5 6 7 9 10 11 12 14

[23:28:24] Can't kekulize mol.  Unkekulized atoms: 2 5

[23:28:24] Can't kekulize mol.  Unkekulized atoms: 3 4 6 10 11 12

[23:28:25] Can't kekulize mol.  Unkekulized atoms: 3 8 11 13 14 15

[23:28:36] Can't kekulize mol.  Unkekulized atoms: 3 9

[23:28:38] Can't kekulize mol.  Unkekulized atoms: 3 8 11 13 15 17

[23:28:39] Can't kekulize mol.  Unkekulized atoms: 3 5

[23:28:40] Can't kekulize mol.  Unkekulized atoms: 3 7

[23:28:52] Can't kekulize mol.  Unkekulized atoms: 3 8 11 14 17 18

[23:29:08] Can't kekulize mol.  Unkekulized atoms: 2 5

[23:29:13] Can't kekulize mol.  Unkekulized atoms: 3 11 12 15

[23:29:17] Can't kekulize mol.  Unkekulized atoms: 3 9

[23:29:17] Can't kekulize mol.  Unkekulized atoms: 3 9

[23:29:18] Can't kekulize mol.  Unkekulized atoms: 3 9

[23:29:18] Can't kekulize mol.  Unkekulized atoms: 3 9

[23:29:24] Can't kekulize mol.  Unkekulized atoms: 3 9

[23:29:24] Can't kekulize mol.  Unkekulized atoms: 3 9

[23:29:33] Can't kekulize mol.  Unkekulized atoms: 3 8

[23:29:41] Can't kekulize mol.  Unkekulized atoms: 3 9

[23:29:41] Can't kekulize mol.  Unkekulized atoms: 3 9

[23:29:45] Can't kekulize mol.  Unkekulized atoms: 3 10

[23:29:45] Can't kekulize mol.  Unkekulized atoms: 3 10

[23:29:48] Can't kekulize mol.  Unkekulized atoms: 3 10 11 13 14 16

[23:29:54] Can't kekulize mol.  Unkekulized atoms: 3 5

[23:30:20] Can't kekulize mol.  Unkekulized atoms: 3 7

[23:30:20] Can't kekulize mol.  Unkekulized atoms: 3 7

[23:30:21] Can't kekulize mol.  Unkekulized atoms: 3 5

[23:30:22] Can't kekulize mol.  Unkekulized atoms: 3 7

[23:30:22] Can't kekulize mol.  Unkekulized atoms: 3 7

[23:30:41] Can't kekulize mol.  Unkekulized atoms: 3 4 5 6 7 9 10 11 12 14

[23:30:41] Can't kekulize mol.  Unkekulized atoms: 3 4 5 6 7 9 10 11 12 14

[05/10/20 23:30:53 standardiser.neutralise WARNING] zwitterion with more negative charges than quaternary positive centres detected
[23:30:57] Can't kekulize mol.  Unkekulized atoms: 3 5

[23:30:58] Can't kekulize mol.  Unkekulized atoms: 2 5

[23:31:03] Can't kekulize mol.  Unkekulized atoms: 3 4 5 6 7 9 10 11 12 14

[23:31:09] Can't kekulize mol.  Unkekulized atoms: 3 10

[23:31:14] Can't kekulize mol.  Unkekulized atoms: 3 4 5 6 7 11

[23:31:15] Can't kekulize mol.  Unkekulized atoms: 3 4 5 6 7 9 10 11 12 14

[23:31:17] Can't kekulize mol.  Unkekulized atoms: 3 8 11 13 14 15

[23:31:21] Can't kekulize mol.  Unkekulized atoms: 3 4 5 6 7 9 10 11 12 14

[23:31:26] Can't kekulize mol.  Unkekulized atoms: 3 9

[23:31:26] Can't kekulize mol.  Unkekulized atoms: 3 9

[23:31:30] Can't kekulize mol.  Unkekulized atoms: 3 8 11 13 14 15

[23:31:39] Can't kekulize mol.  Unkekulized atoms: 0 1 2 4 5 6 7 8 9 10 11 12 13 15 16 17 18 19 20 21 22 23

[23:31:43] Can't kekulize mol.  Unkekulized atoms: 3 5

[23:31:44] Can't kekulize mol.  Unkekulized atoms: 3 8 12 15 16 19 20 23

[23:31:55] Can't kekulize mol.  Unkekulized atoms: 3 8 11 14 17 18

[23:31:57] Can't kekulize mol.  Unkekulized atoms: 3 4 5 6 7 9 10 11 12 14

[23:31:59] Can't kekulize mol.  Unkekulized atoms: 3 4 5 6 7 9 10 11 12 14

[23:32:02] Can't kekulize mol.  Unkekulized atoms: 3 9

[23:32:02] Can't kekulize mol.  Unkekulized atoms: 3 9

[23:32:11] Can't kekulize mol.  Unkekulized atoms: 3 5

[23:32:14] Can't kekulize mol.  Unkekulized atoms: 3 9

[23:32:14] Can't kekulize mol.  Unkekulized atoms: 3 9

[23:32:23] Can't kekulize mol.  Unkekulized atoms: 3 4 5 6 7 9 10 11 12 14

[23:32:24] Can't kekulize mol.  Unkekulized atoms: 2 5

[23:32:25] Can't kekulize mol.  Unkekulized atoms: 3 4 5 6 7 9 10 11 12 14

[23:32:34] Can't kekulize mol.  Unkekulized atoms: 3 10

[23:32:34] Can't kekulize mol.  Unkekulized atoms: 3 10

[23:32:39] Can't kekulize mol.  Unkekulized atoms: 3 5

[23:32:40] Can't kekulize mol.  Unkekulized atoms: 3 9

[23:32:40] Can't kekulize mol.  Unkekulized atoms: 3 9

[23:32:40] Can't kekulize mol.  Unkekulized atoms: 3 7

[23:32:40] Can't kekulize mol.  Unkekulized atoms: 3 7

[23:32:41] Can't kekulize mol.  Unkekulized atoms: 2 5

[23:32:42] Can't kekulize mol.  Unkekulized atoms: 3 8

[23:32:57] Can't kekulize mol.  Unkekulized atoms: 0 2 4 6 7 9

[05/10/20 23:33:01 standardiser.neutralise WARNING] zwitterion with more negative charges than quaternary positive centres detected
[05/10/20 23:33:03 standardiser.neutralise WARNING] zwitterion with more negative charges than quaternary positive centres detected
[05/10/20 23:33:03 standardiser.neutralise WARNING] zwitterion with more negative charges than quaternary positive centres detected
[23:33:05] Can't kekulize mol.  Unkekulized atoms: 3 10

[05/10/20 23:33:05 standardiser.neutralise WARNING] zwitterion with more negative charges than quaternary positive centres detected
[23:33:14] Can't kekulize mol.  Unkekulized atoms: 3 7

[23:33:35] Can't kekulize mol.  Unkekulized atoms: 3 8

[23:33:35] Can't kekulize mol.  Unkekulized atoms: 3 8

[01:02:00] Can't kekulize mol.  Unkekulized atoms: 3 5

[01:02:05] Can't kekulize mol.  Unkekulized atoms: 3 5

[01:02:10] Can't kekulize mol.  Unkekulized atoms: 2 5

[01:02:10] Can't kekulize mol.  Unkekulized atoms: 3 11

[01:02:31] Can't kekulize mol.  Unkekulized atoms: 3 5

[01:02:42] Can't kekulize mol.  Unkekulized atoms: 3 5

[01:02:43] Can't kekulize mol.  Unkekulized atoms: 3 7

[01:02:44] Can't kekulize mol.  Unkekulized atoms: 3 7 8 10 11 12 13 14

[01:02:57] Can't kekulize mol.  Unkekulized atoms: 3 11

[01:03:01] Can't kekulize mol.  Unkekulized atoms: 0 2 5 6 7

[01:03:05] Can't kekulize mol.  Unkekulized atoms: 3 5

[01:03:07] Can't kekulize mol.  Unkekulized atoms: 2 5

[01:03:07] Can't kekulize mol.  Unkekulized atoms: 3 10

[01:03:08] Can't kekulize mol.  Unkekulized atoms: 3 10

[01:03:23] Can't kekulize mol.  Unkekulized atoms: 3 5

[01:03:40] Can't kekulize mol.  Unkekulized atoms: 0 2 4 5 6 9

[01:03:45] Can't kekulize mol.  Unkekulized atoms: 3 12

[01:03:47] Can't kekulize mol.  Unkekulized atoms: 2 5

[01:03:47] Can't kekulize mol.  Unkekulized atoms: 3 13

[01:03:49] Can't kekulize mol.  Unkekulized atoms: 3 7

[01:03:54] Can't kekulize mol.  Unkekulized atoms: 3 9

[01:04:05] Can't kekulize mol.  Unkekulized atoms: 2 5

[01:04:05] Can't kekulize mol.  Unkekulized atoms: 3 10

[01:04:07] Can't kekulize mol.  Unkekulized atoms: 3 11

[01:04:18] Can't kekulize mol.  Unkekulized atoms: 3 5

[06/10/20 01:04:29 standardiser.neutralise WARNING] zwitterion with more negative charges than quaternary positive centres detected
[01:04:29] Can't kekulize mol.  Unkekulized atoms: 3 5

[01:04:39] Can't kekulize mol.  Unkekulized atoms: 3 5

[01:04:45] Can't kekulize mol.  Unkekulized atoms: 3 8

[01:04:51] Can't kekulize mol.  Unkekulized atoms: 3 5

[01:04:56] Can't kekulize mol.  Unkekulized atoms: 3 6 7 8 10 12

[01:04:57] Can't kekulize mol.  Unkekulized atoms: 3 5 6 7 8 9 10 11 12 13

[01:05:02] Can't kekulize mol.  Unkekulized atoms: 3 11 12 14 15 17

[01:05:10] Can't kekulize mol.  Unkekulized atoms: 2 5

[01:05:10] Can't kekulize mol.  Unkekulized atoms: 3 12

[01:05:14] Can't kekulize mol.  Unkekulized atoms: 3 7

[01:05:14] Can't kekulize mol.  Unkekulized atoms: 2 5

[01:05:14] Can't kekulize mol.  Unkekulized atoms: 3 9

[01:05:16] Can't kekulize mol.  Unkekulized atoms: 3 8

[01:05:16] Can't kekulize mol.  Unkekulized atoms: 3 11

[01:05:17] Can't kekulize mol.  Unkekulized atoms: 2 5

[01:05:17] Can't kekulize mol.  Unkekulized atoms: 3 12

[01:05:34] Can't kekulize mol.  Unkekulized atoms: 3 10 11 14 15 17

[01:05:34] Can't kekulize mol.  Unkekulized atoms: 3 7

[01:05:42] Can't kekulize mol.  Unkekulized atoms: 2 5

[01:05:42] Can't kekulize mol.  Unkekulized atoms: 3 8

[01:06:01] Can't kekulize mol.  Unkekulized atoms: 3 10

[01:06:08] Can't kekulize mol.  Unkekulized atoms: 2 5

[01:06:08] Can't kekulize mol.  Unkekulized atoms: 3 13

[01:06:14] Can't kekulize mol.  Unkekulized atoms: 3 14

[01:06:15] Can't kekulize mol.  Unkekulized atoms: 3 5

[01:06:22] Can't kekulize mol.  Unkekulized atoms: 3 11

[01:06:32] Can't kekulize mol.  Unkekulized atoms: 2 5

[01:06:32] Can't kekulize mol.  Unkekulized atoms: 3 10

[01:06:36] Can't kekulize mol.  Unkekulized atoms: 3 5

[01:06:57] Can't kekulize mol.  Unkekulized atoms: 3 5

[01:06:58] Can't kekulize mol.  Unkekulized atoms: 3 7

[01:07:02] Can't kekulize mol.  Unkekulized atoms: 3 9

[01:07:06] Can't kekulize mol.  Unkekulized atoms: 3 8

[01:07:15] Can't kekulize mol.  Unkekulized atoms: 3 5

[01:07:15] Can't kekulize mol.  Unkekulized atoms: 3 5 17 18 19 20

[01:07:16] Can't kekulize mol.  Unkekulized atoms: 3 7

[01:07:19] Can't kekulize mol.  Unkekulized atoms: 3 5

[01:07:24] Can't kekulize mol.  Unkekulized atoms: 3 14

[01:07:30] Can't kekulize mol.  Unkekulized atoms: 3 8

[01:07:34] Can't kekulize mol.  Unkekulized atoms: 2 5

[01:07:34] Can't kekulize mol.  Unkekulized atoms: 3 10

[01:07:41] Can't kekulize mol.  Unkekulized atoms: 3 6

[01:07:44] Can't kekulize mol.  Unkekulized atoms: 3 8

[01:07:46] Can't kekulize mol.  Unkekulized atoms: 3 5

[01:07:48] Can't kekulize mol.  Unkekulized atoms: 3 10

[01:07:48] Can't kekulize mol.  Unkekulized atoms: 3 4 5 6 8 9

[01:08:28] Can't kekulize mol.  Unkekulized atoms: 3 6

[01:08:49] Can't kekulize mol.  Unkekulized atoms: 3 12

[01:09:03] Can't kekulize mol.  Unkekulized atoms: 3 7

[01:09:10] Can't kekulize mol.  Unkekulized atoms: 2 5

[01:09:10] Can't kekulize mol.  Unkekulized atoms: 3 10

[01:09:11] Can't kekulize mol.  Unkekulized atoms: 3 5

[01:09:28] Can't kekulize mol.  Unkekulized atoms: 2 5

[01:09:28] Can't kekulize mol.  Unkekulized atoms: 3 10

[01:09:38] Can't kekulize mol.  Unkekulized atoms: 3 6

[01:09:39] Can't kekulize mol.  Unkekulized atoms: 3 8

[01:09:43] Can't kekulize mol.  Unkekulized atoms: 3 10

[01:09:50] Can't kekulize mol.  Unkekulized atoms: 3 6

[01:09:53] Can't kekulize mol.  Unkekulized atoms: 3 5

[01:09:53] Can't kekulize mol.  Unkekulized atoms: 3 5

[01:09:55] Can't kekulize mol.  Unkekulized atoms: 3 9

[01:09:56] Can't kekulize mol.  Unkekulized atoms: 3 6 18 21 22 25 26 28

[01:10:15] Can't kekulize mol.  Unkekulized atoms: 3 10 11 14

[01:10:29] Can't kekulize mol.  Unkekulized atoms: 3 8

[01:10:30] Can't kekulize mol.  Unkekulized atoms: 3 11 12 14 15 17

[01:10:35] Can't kekulize mol.  Unkekulized atoms: 2 5

[01:10:35] Can't kekulize mol.  Unkekulized atoms: 3 10

[01:10:43] Can't kekulize mol.  Unkekulized atoms: 2 5

[01:10:43] Can't kekulize mol.  Unkekulized atoms: 3 10

[01:10:57] Can't kekulize mol.  Unkekulized atoms: 3 12

[01:11:01] Can't kekulize mol.  Unkekulized atoms: 3 10 11 13 14 16

[01:11:05] Can't kekulize mol.  Unkekulized atoms: 3 8

[01:11:07] Can't kekulize mol.  Unkekulized atoms: 3 10

[06/10/20 01:11:12 standardiser.neutralise WARNING] zwitterion with more negative charges than quaternary positive centres detected
[01:11:12] Can't kekulize mol.  Unkekulized atoms: 3 5

[01:11:16] Can't kekulize mol.  Unkekulized atoms: 2 5

[01:11:16] Can't kekulize mol.  Unkekulized atoms: 3 10

[01:11:20] Can't kekulize mol.  Unkekulized atoms: 3 6

[01:11:25] Can't kekulize mol.  Unkekulized atoms: 3 7

[01:11:26] Can't kekulize mol.  Unkekulized atoms: 3 10

[01:11:34] Can't kekulize mol.  Unkekulized atoms: 2 5

[01:11:34] Can't kekulize mol.  Unkekulized atoms: 3 13

[01:11:43] Can't kekulize mol.  Unkekulized atoms: 3 5

[01:11:45] Can't kekulize mol.  Unkekulized atoms: 3 10

[01:11:48] Can't kekulize mol.  Unkekulized atoms: 2 5

[01:11:48] Can't kekulize mol.  Unkekulized atoms: 3 10

[01:11:49] Can't kekulize mol.  Unkekulized atoms: 3 5

[01:11:52] Can't kekulize mol.  Unkekulized atoms: 3 8

[01:11:52] Can't kekulize mol.  Unkekulized atoms: 3 8

[01:12:14] Can't kekulize mol.  Unkekulized atoms: 3 10

[01:12:30] Can't kekulize mol.  Unkekulized atoms: 3 12

[01:12:31] Can't kekulize mol.  Unkekulized atoms: 3 12

[01:12:34] Can't kekulize mol.  Unkekulized atoms: 3 7

[01:12:34] Can't kekulize mol.  Unkekulized atoms: 2 5

[01:12:34] Can't kekulize mol.  Unkekulized atoms: 3 10

[01:12:34] Can't kekulize mol.  Unkekulized atoms: 3 13

[01:12:35] Can't kekulize mol.  Unkekulized atoms: 3 10

[01:12:39] Can't kekulize mol.  Unkekulized atoms: 3 15

[01:12:41] Can't kekulize mol.  Unkekulized atoms: 3 5

[01:12:46] Can't kekulize mol.  Unkekulized atoms: 3 14

[01:13:05] Can't kekulize mol.  Unkekulized atoms: 2 5

[01:13:05] Can't kekulize mol.  Unkekulized atoms: 3 10

[01:13:11] Can't kekulize mol.  Unkekulized atoms: 3 10

[01:13:19] Can't kekulize mol.  Unkekulized atoms: 3 12

[01:13:21] Can't kekulize mol.  Unkekulized atoms: 2 5

[01:13:21] Can't kekulize mol.  Unkekulized atoms: 3 12

[01:13:33] Can't kekulize mol.  Unkekulized atoms: 3 14

[01:13:45] Can't kekulize mol.  Unkekulized atoms: 3 11 12 14

[01:14:08] Can't kekulize mol.  Unkekulized atoms: 3 12

[01:14:14] Can't kekulize mol.  Unkekulized atoms: 3 8

[01:14:16] Can't kekulize mol.  Unkekulized atoms: 3 5

[01:14:17] Can't kekulize mol.  Unkekulized atoms: 2 5

[01:14:17] Can't kekulize mol.  Unkekulized atoms: 3 10

[01:14:19] Can't kekulize mol.  Unkekulized atoms: 3 5

[01:14:28] Can't kekulize mol.  Unkekulized atoms: 3 5

[01:14:32] Can't kekulize mol.  Unkekulized atoms: 3 9

[01:14:38] Can't kekulize mol.  Unkekulized atoms: 2 5

[01:14:38] Can't kekulize mol.  Unkekulized atoms: 3 10

[01:14:45] Can't kekulize mol.  Unkekulized atoms: 3 5

[01:14:50] Can't kekulize mol.  Unkekulized atoms: 3 5

[01:14:53] Can't kekulize mol.  Unkekulized atoms: 3 5

[01:15:01] Can't kekulize mol.  Unkekulized atoms: 3 5

[01:15:01] Can't kekulize mol.  Unkekulized atoms: 3 12

[01:15:02] Can't kekulize mol.  Unkekulized atoms: 3 6

[01:15:03] Can't kekulize mol.  Unkekulized atoms: 3 7

[01:15:05] Can't kekulize mol.  Unkekulized atoms: 3 4 5 6 8 9

[01:15:16] Can't kekulize mol.  Unkekulized atoms: 3 8

[01:15:21] Can't kekulize mol.  Unkekulized atoms: 0 2 4 5 6 7

[01:15:25] Can't kekulize mol.  Unkekulized atoms: 3 10 11 13 14 17

[01:15:37] Can't kekulize mol.  Unkekulized atoms: 2 5

[01:15:37] Can't kekulize mol.  Unkekulized atoms: 3 10

[01:15:37] Can't kekulize mol.  Unkekulized atoms: 2 5

[01:15:37] Can't kekulize mol.  Unkekulized atoms: 3 10

[01:15:46] Can't kekulize mol.  Unkekulized atoms: 3 8

[01:15:48] Can't kekulize mol.  Unkekulized atoms: 3 10

[01:16:03] Can't kekulize mol.  Unkekulized atoms: 3 10

[01:16:08] Can't kekulize mol.  Unkekulized atoms: 3 8

[01:16:10] Can't kekulize mol.  Unkekulized atoms: 2 5

[01:16:10] Can't kekulize mol.  Unkekulized atoms: 3 12

[01:16:11] Can't kekulize mol.  Unkekulized atoms: 3 7

[01:16:17] Can't kekulize mol.  Unkekulized atoms: 3 5

[01:16:25] Can't kekulize mol.  Unkekulized atoms: 3 5

[01:16:27] Can't kekulize mol.  Unkekulized atoms: 3 7

[01:16:27] Can't kekulize mol.  Unkekulized atoms: 3 13

[01:16:29] Can't kekulize mol.  Unkekulized atoms: 2 5

[01:16:29] Can't kekulize mol.  Unkekulized atoms: 3 12

[01:16:40] Can't kekulize mol.  Unkekulized atoms: 3 8

[01:16:48] Can't kekulize mol.  Unkekulized atoms: 3 8

[01:16:54] Can't kekulize mol.  Unkekulized atoms: 3 5

